{
  "RSpec": {
    "coverage": {
      "/Users/charlesellison/turing/3module/projects/api_curious/app/helpers/application_helper.rb": [
        1,
        null
      ],
      "/Users/charlesellison/turing/3module/projects/api_curious/app/controllers/welcome_controller.rb": [
        1,
        1,
        null,
        null,
        null
      ],
      "/Users/charlesellison/turing/3module/projects/api_curious/app/controllers/application_controller.rb": [
        1,
        null,
        null,
        1,
        1,
        null,
        1,
        25,
        null,
        null
      ],
      "/Users/charlesellison/turing/3module/projects/api_curious/app/controllers/sessions_controller.rb": [
        1,
        1,
        4,
        4,
        null,
        4,
        null,
        null,
        1,
        0,
        0,
        null,
        null
      ],
      "/Users/charlesellison/turing/3module/projects/api_curious/app/models/user.rb": [
        1,
        1,
        4,
        4,
        4,
        4,
        4,
        4,
        null,
        null,
        null
      ],
      "/Users/charlesellison/turing/3module/projects/api_curious/app/controllers/users_controller.rb": [
        1,
        1,
        4,
        null,
        null
      ],
      "/Users/charlesellison/turing/3module/projects/api_curious/app/models/github_user.rb": [
        1,
        1,
        null,
        1,
        7,
        7,
        null,
        null,
        1,
        5,
        null,
        null,
        1,
        5,
        150,
        null,
        null,
        null,
        1,
        10,
        186,
        null,
        null,
        null,
        1,
        10,
        84,
        null,
        null,
        null,
        1,
        10,
        100,
        null,
        null,
        null,
        1,
        7,
        null,
        null,
        1,
        4,
        null,
        null,
        1,
        5,
        null,
        null
      ],
      "/Users/charlesellison/turing/3module/projects/api_curious/app/services/github_service.rb": [
        1,
        1,
        null,
        1,
        7,
        7,
        null,
        null,
        1,
        5,
        null,
        null,
        1,
        5,
        null,
        null,
        1,
        10,
        null,
        null,
        1,
        10,
        null,
        null,
        1,
        10,
        null,
        null,
        1,
        7,
        null,
        null,
        1,
        4,
        null,
        null,
        1,
        5,
        null,
        null,
        1,
        null,
        1,
        66,
        null,
        null,
        1,
        40,
        1200,
        null,
        null,
        null,
        1,
        7,
        null,
        null,
        1,
        5,
        null,
        null,
        1,
        4,
        null,
        null,
        1,
        5,
        null,
        null,
        1,
        40,
        null,
        null,
        1,
        5,
        null,
        null
      ],
      "/Users/charlesellison/turing/3module/projects/api_curious/app/controllers/github_users_controller.rb": [
        1,
        1,
        2,
        null,
        null,
        1,
        1,
        null,
        null
      ]
    },
    "timestamp": 1464250552
  }
}
