{
  "RSpec": {
    "coverage": {
      "/Users/charlesellison/turing/3module/projects/api_curious/app/helpers/application_helper.rb": [
        1,
        null
      ],
      "/Users/charlesellison/turing/3module/projects/api_curious/app/models/github_user.rb": [
        1,
        1,
        null,
        1,
        15,
        15,
        null,
        null,
        1,
        6,
        null,
        null,
        1,
        6,
        180,
        null,
        null,
        null,
        1,
        11,
        173,
        null,
        null,
        null,
        1,
        11,
        99,
        null,
        null,
        null,
        1,
        11,
        93,
        null,
        null,
        null,
        1,
        8,
        null,
        null,
        1,
        5,
        null,
        null,
        1,
        6,
        null,
        null
      ],
      "/Users/charlesellison/turing/3module/projects/api_curious/app/controllers/welcome_controller.rb": [
        1,
        1,
        null,
        null,
        null
      ],
      "/Users/charlesellison/turing/3module/projects/api_curious/app/controllers/application_controller.rb": [
        1,
        null,
        null,
        1,
        1,
        null,
        1,
        25,
        null,
        null
      ],
      "/Users/charlesellison/turing/3module/projects/api_curious/app/controllers/sessions_controller.rb": [
        1,
        1,
        4,
        4,
        null,
        4,
        null,
        null,
        1,
        0,
        0,
        null,
        null
      ],
      "/Users/charlesellison/turing/3module/projects/api_curious/app/models/user.rb": [
        1,
        1,
        4,
        4,
        4,
        4,
        4,
        4,
        null,
        null,
        null
      ],
      "/Users/charlesellison/turing/3module/projects/api_curious/app/controllers/users_controller.rb": [
        1,
        1,
        4,
        null,
        null
      ],
      "/Users/charlesellison/turing/3module/projects/api_curious/app/services/github_service.rb": [
        1,
        1,
        null,
        1,
        15,
        15,
        null,
        null,
        1,
        6,
        null,
        null,
        1,
        6,
        null,
        null,
        1,
        11,
        null,
        null,
        1,
        11,
        null,
        null,
        1,
        11,
        null,
        null,
        1,
        8,
        null,
        null,
        1,
        5,
        null,
        null,
        1,
        6,
        null,
        null,
        1,
        null,
        1,
        75,
        null,
        null,
        1,
        44,
        1320,
        null,
        null,
        null,
        1,
        8,
        null,
        null,
        1,
        6,
        null,
        null,
        1,
        5,
        null,
        null,
        1,
        6,
        null,
        null,
        1,
        44,
        null,
        null,
        1,
        6,
        null,
        null
      ],
      "/Users/charlesellison/turing/3module/projects/api_curious/app/controllers/github_users_controller.rb": [
        1,
        1,
        2,
        null,
        null,
        1,
        1,
        null,
        null
      ]
    },
    "timestamp": 1464285966
  }
}
